<?xml version="1.0" encoding="UTF-8"?>

<!-- Generated by org.testng.reporters.JUnitXMLReporter -->
<testsuite ignored="0" hostname="DESKTOP-QUK0TPO" failures="0" tests="1" name="Default test" time="0.082" errors="0" timestamp="2023-01-19T13:15:29 IST">
  <testcase classname="practicepackage.NewChanges" name="newchanges" time="0.01"/>


<!-- Generated by org.testng.reporters.JUnitXMLReporter -->
<testsuite ignored="0" hostname="DESKTOP-QUK0TPO" failures="0" tests="1" name="Default test" time="0.047" errors="0" timestamp="2023-01-21T12:36:15 IST">
  <testcase classname="practicepackage.CMDExcecution" name="test" time="0.016"/>


</testsuite> <!-- Default test -->
