<?xml version="1.0" encoding="UTF-8"?>

<!-- Generated by org.testng.reporters.JUnitXMLReporter -->
<testsuite ignored="0" hostname="DESKTOP-QUK0TPO" failures="0" tests="14" name="practicepackage" time="0.098" errors="0" timestamp="2023-01-18T12:38:24 IST">
  <testcase classname="practicepackage.CMDExcecutionTest" name="test" time="0.024"/>
  <testcase classname="practicepackage.CreateTest" name="test09" time="0.001"/>
  <testcase classname="practicepackage.CreateTest" name="test10" time="0.001"/>
  <testcase classname="practicepackage.CreateTest" name="test11" time="0.002"/>
  <testcase classname="practicepackage.CreateTest01" name="Test01" time="0.001"/>
  <testcase classname="practicepackage.CreateTest01" name="Test02" time="0.001"/>


<!-- Generated by org.testng.reporters.JUnitXMLReporter -->
<testsuite ignored="0" hostname="DESKTOP-QUK0TPO" failures="0" tests="17" name="practicepackage" time="0.094" errors="0" timestamp="2023-01-21T12:36:49 IST">
  <testcase classname="practicepackage.CMDExcecution" name="test" time="0.0"/>
  <testcase classname="practicepackage.CreateTest" name="test09" time="0.0"/>
  <testcase classname="practicepackage.CreateTest" name="test10" time="0.0"/>
  <testcase classname="practicepackage.CreateTest" name="test11" time="0.0"/>
  <testcase classname="practicepackage.CreateTest01" name="Test01" time="0.0"/>
  <testcase classname="practicepackage.CreateTest01" name="Test02" time="0.0"/>


  <testcase classname="practicepackage.CreateTest01" name="Test03" time="0.0"/>
  <testcase classname="practicepackage.CreateTest01" name="Test04" time="0.001"/>
  <testcase classname="practicepackage.CreateTest01" name="Test05" time="0.001"/>
  <testcase classname="practicepackage.CreateTest02" name="Test04" time="0.003"/>
  <testcase classname="practicepackage.CreateTest02" name="Test05" time="0.001"/>
  <testcase classname="practicepackage.CreateTest02" name="Test06" time="0.002"/>
  <testcase classname="practicepackage.CreateTest02" name="Test07" time="0.002"/>
  <testcase classname="practicepackage.CreateTest02" name="Test08" time="0.001"/>
</testsuite> <!-- practicepackage -->
