<?xml version="1.0" encoding="UTF-8"?>
<testng-results ignored="0" total="1" passed="1" failed="0" skipped="0">
  <reporter-output>
  </reporter-output>
  <suite started-at="2023-01-18T13:06:51 IST" name="Default suite" finished-at="2023-01-18T13:06:51 IST" duration-ms="55">
    <groups>
    </groups>
    <test started-at="2023-01-18T13:06:51 IST" name="Default test" finished-at="2023-01-18T13:06:51 IST" duration-ms="55">
      <class name="practicepackage.CMDExcecution">
        <test-method signature="test()[pri:0, instance:practicepackage.CMDExcecution@72cde7cc]" started-at="2023-01-18T13:06:51 IST" name="test" finished-at="2023-01-18T13:06:51 IST" duration-ms="10" status="PASS">
          <reporter-output>
          </reporter-output>
        </test-method> <!-- test -->
      </class> <!-- practicepackage.CMDExcecution -->
    </test> <!-- Default test -->
  </suite> <!-- Default suite -->
</testng-results>
