<?xml version="1.0" encoding="UTF-8"?>
<testng-results ignored="0" total="1" passed="1" failed="0" skipped="0">
  <reporter-output>
  </reporter-output>
  <suite started-at="2023-01-19T13:15:29 IST" name="Default suite" finished-at="2023-01-19T13:15:29 IST" duration-ms="82">
    <groups>
    </groups>
    <test started-at="2023-01-19T13:15:29 IST" name="Default test" finished-at="2023-01-19T13:15:29 IST" duration-ms="82">
      <class name="practicepackage.NewChanges">
        <test-method signature="newchanges()[pri:0, instance:practicepackage.NewChanges@72cde7cc]" started-at="2023-01-19T13:15:29 IST" name="newchanges" finished-at="2023-01-19T13:15:29 IST" duration-ms="10" status="PASS">
          <reporter-output>
          </reporter-output>
        </test-method> <!-- newchanges -->
      </class> <!-- practicepackage.NewChanges -->
    </test> <!-- Default test -->
  </suite> <!-- Default suite -->
</testng-results>
